Oct 31, 2024 3:05:48 PM assignment_4_1_1 main
SEVERE: This is a SEVERE level log message.
Oct 31, 2024 3:05:48 PM assignment_4_1_1 main
WARNING: This is a WARNING level log message.
Oct 31, 2024 3:05:48 PM assignment_4_1_1 main
INFO: This is an INFO level log message.
Oct 31, 2024 3:05:48 PM assignment_4_1_1 main
CONFIG: This is a CONFIG level log message.
Oct 31, 2024 3:05:48 PM assignment_4_1_1 main
FINE: This is a FINE level log message.
Oct 31, 2024 3:05:48 PM assignment_4_1_1 main
FINER: This is a FINER level log message.
Oct 31, 2024 3:05:48 PM assignment_4_1_1 main
FINEST: This is a FINEST level log message.
Oct 31, 2024 3:20:29 PM assignment_4_1_1 main
SEVERE: This is a SEVERE level log message.
Oct 31, 2024 3:20:29 PM assignment_4_1_1 main
WARNING: This is a WARNING level log message.
Oct 31, 2024 3:20:29 PM assignment_4_1_1 main
INFO: This is an INFO level log message.
Oct 31, 2024 3:20:29 PM assignment_4_1_1 main
CONFIG: This is a CONFIG level log message.
Oct 31, 2024 3:20:29 PM assignment_4_1_1 main
FINE: This is a FINE level log message.
Oct 31, 2024 3:20:29 PM assignment_4_1_1 main
FINER: This is a FINER level log message.
Oct 31, 2024 3:20:29 PM assignment_4_1_1 main
FINEST: This is a FINEST level log message.
